Flutter crash report.
Please report a bug at https://github.com/flutter/flutter/issues.

## command

flutter run -d chrome

## exception

OutOfMemoryError: Out of Memory

```
#0      new Uint8List (dart:typed_data-patch/typed_data_patch.dart:2403:3)
#1      _File.readAsBytesSync (dart:io/file_impl.dart:675:16)
#2      ForwardingFile.readAsBytesSync (package:file/src/forwarding/forwarding_file.dart:91:43)
#3      ForwardingFile.readAsBytesSync (package:file/src/forwarding/forwarding_file.dart:91:43)
#4      WebMemoryFS.write (package:flutter_tools/src/web/memory_fs.dart:29:42)
#5      WebDevFS.update (package:flutter_tools/src/isolated/devfs_web.dart:403:44)
#6      _rootRunUnary (dart:async/zone_root.dart:48:47)
#7      _CustomZone.runUnary (dart:async/zone.dart:733:19)
#8      Future._propagateToListeners.handleValueCallback (dart:async/future_impl.dart:948:45)
#9      Future._propagateToListeners (dart:async/future_impl.dart:977:13)
#10     Future._completeWithValue (dart:async/future_impl.dart:720:5)
#11     Future._asyncCompleteWithValue.<anonymous closure> (dart:async/future_impl.dart:804:7)
#12     _rootRun (dart:async/zone_root.dart:35:13)
#13     _CustomZone.run (dart:async/zone.dart:726:19)
#14     _CustomZone.runGuarded (dart:async/zone.dart:625:7)
#15     _CustomZone.bindCallbackGuarded.<anonymous closure> (dart:async/zone.dart:666:23)
#16     _microtaskLoop (dart:async/schedule_microtask.dart:40:35)
#17     _startMicrotaskLoop (dart:async/schedule_microtask.dart:49:5)
#18     _runPendingImmediateCallback (dart:isolate-patch/isolate_patch.dart:127:13)
#19     _RawReceivePort._handleMessage (dart:isolate-patch/isolate_patch.dart:193:5)
```

## flutter doctor

```
[32m[✓][39m Flutter (Channel stable, 3.44.0, on Microsoft Windows [Version 10.0.26300.8697], locale en-AU) [2.2s]
    [32m•[39m Flutter version 3.44.0 on channel stable at C:\src\flutter
    [32m•[39m Upstream repository https://github.com/flutter/flutter.git
    [32m•[39m Framework revision 559ffa3f75 (5 weeks ago), 2026-05-15 14:13:13 -0700
    [32m•[39m Engine revision 4c525dac5e
    [32m•[39m Dart version 3.12.0
    [32m•[39m DevTools version 2.57.0
    [32m•[39m Feature flags: enable-web, enable-linux-desktop, enable-macos-desktop, enable-windows-desktop, enable-android, enable-ios,
      cli-animations, enable-native-assets, enable-swift-package-manager, omit-legacy-version-file, enable-lldb-debugging,
      enable-uiscene-migration

[33m[!][39m Windows Version (Problem detected with Windows installation) [9.5s]
    [33m![39m Get-Process failed to complete

[33m[!][39m Android toolchain - develop for Android devices (Android SDK version 35.0.0) [10.0s]
    [32m•[39m Android SDK at C:\Android
    [32m•[39m Emulator version 36.6.11.0 (build_id 15507667) (CL:N/A)
    [32m•[39m Platform android-36, build-tools 35.0.0
    [32m•[39m ANDROID_HOME = C:\Android
    [32m•[39m Java binary at: C:\Program Files\Android\Android Studio\jbr\bin\java
      This is the JDK bundled with the latest Android Studio installation on this machine.
      To manually set the JDK path, use: `flutter config --jdk-dir="path/to/jdk"`.
    [32m•[39m Java version OpenJDK Runtime Environment (build 21.0.9+-14649483-b1163.86)
    [31m✗[39m Android license status unknown.
      Run `flutter doctor --android-licenses` to accept the SDK licenses.
      See https://flutter.dev/to/windows-android-setup for more details.

[32m[✓][39m Chrome - develop for the web [1,050ms]
    [32m•[39m Chrome at C:\Program Files\Google\Chrome\Application\chrome.exe

[33m[!][39m Visual Studio - develop Windows apps (Visual Studio Community 2026 18.6.3) [1,048ms]
    [32m•[39m Visual Studio at C:\Program Files\Microsoft Visual Studio\18\Community
    [32m•[39m Visual Studio Community 2026 version 18.6.11828.311
    [31m✗[39m Visual Studio is missing necessary components. Please re-run the Visual Studio installer for the "Desktop development with C++" workload,
      and include these components:
        MSVC v142 - VS 2019 C++ x64/x86 build tools
         - If there are multiple build tool versions available, install the latest
        C++ CMake tools for Windows
        Windows 10 SDK

[32m[✓][39m Connected device (3 available) [3.9s]
    [32m•[39m Windows (desktop) • windows • windows-x64    • Microsoft Windows [Version 10.0.26300.8697]
    [32m•[39m Chrome (web)      • chrome  • web-javascript • Google Chrome 149.0.7827.115
    [32m•[39m Edge (web)        • edge    • web-javascript • Microsoft Edge 150.0.4078.13

[32m[✓][39m Network resources [4.1s]
    [32m•[39m All expected network resources are available.

[33m![39m Doctor found issues in 3 categories.
```
